Using pre-set license
Built from '2020.2/release' branch; Version is '2020.2.4f1 (becced5a802b) revision 12504301'; Using compiler version '192528614'; Build Type 'Release'
OS: 'Windows 10 Home; OS build 19043.1466; Version 2009; 64bit' Language: 'en' Physical Memory: 16317 MB
BatchMode: 1, IsHumanControllingUs: 0, StartBugReporterOnCrash: 0, Is64bit: 1, IsPro: 0

 COMMAND LINE ARGUMENTS:
C:\Program Files\Unity\Hub\Editor\2020.2.4f1\Editor\Unity.exe
-adb2
-batchMode
-noUpm
-name
AssetImportWorker0
-projectPath
D:/Unity Projects/TeachingProjects/EricQGeekEDUProject/EricQGeekeduProject
-logFile
Logs/AssetImportWorker0.log
-srvPort
57376
Successfully changed project path to: D:/Unity Projects/TeachingProjects/EricQGeekEDUProject/EricQGeekeduProject
D:/Unity Projects/TeachingProjects/EricQGeekEDUProject/EricQGeekeduProject
Using Asset Import Pipeline V2.
Refreshing native plugins compatible for Editor in 20.49 ms, found 0 plugins.
Preloading 0 native plugins for Editor in 0.00 ms.
Initialize engine version: 2020.2.4f1 (becced5a802b)
[Subsystems] Discovering subsystems at path C:/Program Files/Unity/Hub/Editor/2020.2.4f1/Editor/Data/Resources/UnitySubsystems
[Subsystems] Discovering subsystems at path D:/Unity Projects/TeachingProjects/EricQGeekEDUProject/EricQGeekeduProject/Assets
GfxDevice: creating device client; threaded=0
Direct3D:
    Version:  Direct3D 11.0 [level 11.1]
    Renderer: NVIDIA GeForce RTX 2060 SUPER (ID=0x1f06)
    Vendor:   
    VRAM:     8031 MB
    Driver:   30.0.14.7196
Initialize mono
Mono path[0] = 'C:/Program Files/Unity/Hub/Editor/2020.2.4f1/Editor/Data/Managed'
Mono path[1] = 'C:/Program Files/Unity/Hub/Editor/2020.2.4f1/Editor/Data/MonoBleedingEdge/lib/mono/unityjit'
Mono config path = 'C:/Program Files/Unity/Hub/Editor/2020.2.4f1/Editor/Data/MonoBleedingEdge/etc'
Using monoOptions --debugger-agent=transport=dt_socket,embedding=1,server=y,suspend=n,address=127.0.0.1:56284
Begin MonoManager ReloadAssembly
Registering precompiled unity dll's ...
Register platform support module: C:/Program Files/Unity/Hub/Editor/2020.2.4f1/Editor/Data/PlaybackEngines/WebGLSupport/UnityEditor.WebGL.Extensions.dll
Register platform support module: C:/Program Files/Unity/Hub/Editor/2020.2.4f1/Editor/Data/PlaybackEngines/WindowsStandaloneSupport/UnityEditor.WindowsStandalone.Extensions.dll
Registered in 0.002627 seconds.
Native extension for WindowsStandalone target not found
Native extension for WebGL target not found
Refreshing native plugins compatible for Editor in 19.47 ms, found 0 plugins.
Preloading 0 native plugins for Editor in 0.00 ms.
Invoked RoslynAnalysisRunner static constructor.
RoslynAnalysisRunner will not be running.
RoslynAnalysisRunner has terminated.
Mono: successfully reloaded assembly
- Completed reload, in  1.892 seconds
Platform modules already initialized, skipping
Registering precompiled user dll's ...
Registered in 0.000606 seconds.
Begin MonoManager ReloadAssembly
Native extension for WindowsStandalone target not found
Native extension for WebGL target not found
Refreshing native plugins compatible for Editor in 0.21 ms, found 0 plugins.
Preloading 0 native plugins for Editor in 0.00 ms.
Invoked RoslynAnalysisRunner static constructor.
RoslynAnalysisRunner will not be running.
RoslynAnalysisRunner has terminated.
Mono: successfully reloaded assembly
- Completed reload, in  0.785 seconds
Platform modules already initialized, skipping
========================================================================
Worker process is ready to serve import requests
Launched and connected shader compiler UnityShaderCompiler.exe after 0.04 seconds
Refreshing native plugins compatible for Editor in 0.24 ms, found 0 plugins.
Preloading 0 native plugins for Editor in 0.00 ms.
Unloading 1117 Unused Serialized files (Serialized files now loaded: 0)
System memory in use before: 57.6 MB.
System memory in use after: 57.6 MB.

Unloading 10 unused Assets to reduce memory usage. Loaded Objects now: 1560.
Total: 2.412600 ms (FindLiveObjects: 0.298800 ms CreateObjectMapping: 0.046400 ms MarkObjects: 1.991400 ms  DeleteObjects: 0.074200 ms)

========================================================================
Received Import Request.
  path: Assets/3DAssets/SalamanderGuy.prefab
  artifactKey: Guid(b44c5c5af4cebe545ba56807382c6925) Importer(815301076,1909f56bfc062723c751e8b465ee728b)
Start importing Assets/3DAssets/SalamanderGuy.prefab using Guid(b44c5c5af4cebe545ba56807382c6925) Importer(815301076,1909f56bfc062723c751e8b465ee728b)  -> (artifact id: '3c6ac98da45b6f6a9024fdd1fb2dd1c8') in 0.150736 seconds
  Import took 0.153808 seconds .

========================================================================
Received Import Request.
  Time since last request: 64.086427 seconds.
  path: Assets/Scenes/Level2.unity
  artifactKey: Guid(c73329b807016224484fe5e996aa4f64) Importer(815301076,1909f56bfc062723c751e8b465ee728b)
Start importing Assets/Scenes/Level2.unity using Guid(c73329b807016224484fe5e996aa4f64) Importer(815301076,1909f56bfc062723c751e8b465ee728b)  -> (artifact id: '65c230fec3f21d7ff4bd016082c05b7e') in 0.008183 seconds
  Import took 0.011270 seconds .

========================================================================
Received Import Request.
  Time since last request: 0.000665 seconds.
  path: Assets/Scenes/Level2.unity
  artifactKey: Guid(c73329b807016224484fe5e996aa4f64) Importer(815301076,1909f56bfc062723c751e8b465ee728b)
Start importing Assets/Scenes/Level2.unity using Guid(c73329b807016224484fe5e996aa4f64) Importer(815301076,1909f56bfc062723c751e8b465ee728b)  -> (artifact id: '65c230fec3f21d7ff4bd016082c05b7e') in 0.006303 seconds
  Import took 0.009114 seconds .

========================================================================
Received Import Request.
  Time since last request: 231.784949 seconds.
  path: Assets/Scenes/SampleScene.unity
  artifactKey: Guid(9fc0d4010bbf28b4594072e72b8655ab) Importer(815301076,1909f56bfc062723c751e8b465ee728b)
Start importing Assets/Scenes/SampleScene.unity using Guid(9fc0d4010bbf28b4594072e72b8655ab) Importer(815301076,1909f56bfc062723c751e8b465ee728b)  -> (artifact id: '59866aa2f874db40dba0e805d00a0cac') in 0.010820 seconds
  Import took 0.013344 seconds .

========================================================================
Received Import Request.
  Time since last request: 18.333083 seconds.
  path: Assets/3DAssets/Player.prefab
  artifactKey: Guid(849336e6f834d98429c244f19625d8d9) Importer(815301076,1909f56bfc062723c751e8b465ee728b)
Start importing Assets/3DAssets/Player.prefab using Guid(849336e6f834d98429c244f19625d8d9) Importer(815301076,1909f56bfc062723c751e8b465ee728b)  -> (artifact id: '3146877eb42bc14b89128005470c77e7') in 0.028718 seconds
  Import took 0.031506 seconds .

========================================================================
Received Import Request.
  Time since last request: 17.094813 seconds.
  path: Assets/Scenes/Level2.unity
  artifactKey: Guid(c73329b807016224484fe5e996aa4f64) Importer(815301076,1909f56bfc062723c751e8b465ee728b)
Start importing Assets/Scenes/Level2.unity using Guid(c73329b807016224484fe5e996aa4f64) Importer(815301076,1909f56bfc062723c751e8b465ee728b)  -> (artifact id: '8cfa3d880f67a27a3e4949d6dfe47d51') in 0.002593 seconds
  Import took 0.004478 seconds .

========================================================================
Received Prepare
Registering precompiled user dll's ...
Registered in 0.000493 seconds.
Begin MonoManager ReloadAssembly
Native extension for WindowsStandalone target not found
Native extension for WebGL target not found
Refreshing native plugins compatible for Editor in 0.22 ms, found 0 plugins.
Preloading 0 native plugins for Editor in 0.00 ms.
Invoked RoslynAnalysisRunner static constructor.
RoslynAnalysisRunner will not be running.
RoslynAnalysisRunner has terminated.
Mono: successfully reloaded assembly
- Completed reload, in  0.730 seconds
Platform modules already initialized, skipping
Refreshing native plugins compatible for Editor in 0.20 ms, found 0 plugins.
Preloading 0 native plugins for Editor in 0.00 ms.
Unloading 1112 Unused Serialized files (Serialized files now loaded: 0)
System memory in use before: 74.8 MB.
System memory in use after: 74.8 MB.

Unloading 8 unused Assets to reduce memory usage. Loaded Objects now: 1573.
Total: 1.462100 ms (FindLiveObjects: 0.154200 ms CreateObjectMapping: 0.027200 ms MarkObjects: 1.219800 ms  DeleteObjects: 0.059600 ms)

========================================================================
Received Import Request.
  Time since last request: 192.925155 seconds.
  path: Assets/Canvas.prefab
  artifactKey: Guid(58eb97d5da1708548bd5b84e9681e632) Importer(815301076,1909f56bfc062723c751e8b465ee728b)
Start importing Assets/Canvas.prefab using Guid(58eb97d5da1708548bd5b84e9681e632) Importer(815301076,1909f56bfc062723c751e8b465ee728b)  -> (artifact id: '52d7ed05724e93cbb3c1a869e07f9c86') in 0.041519 seconds
  Import took 0.043695 seconds .

========================================================================
Received Import Request.
  Time since last request: 0.009371 seconds.
  path: Assets/Canvas.prefab
  artifactKey: Guid(58eb97d5da1708548bd5b84e9681e632) Importer(815301076,1909f56bfc062723c751e8b465ee728b)
Start importing Assets/Canvas.prefab using Guid(58eb97d5da1708548bd5b84e9681e632) Importer(815301076,1909f56bfc062723c751e8b465ee728b)  -> (artifact id: '52d7ed05724e93cbb3c1a869e07f9c86') in 0.006724 seconds
  Import took 0.009187 seconds .

========================================================================
Received Import Request.
  Time since last request: 3.976753 seconds.
  path: Assets/PauseCanvas.prefab
  artifactKey: Guid(bccba105c3a00b544a9389ac25a53779) Importer(815301076,1909f56bfc062723c751e8b465ee728b)
Start importing Assets/PauseCanvas.prefab using Guid(bccba105c3a00b544a9389ac25a53779) Importer(815301076,1909f56bfc062723c751e8b465ee728b)  -> (artifact id: '2ac044255a89e6e7919b034bbb9070c5') in 0.015473 seconds
  Import took 0.017989 seconds .

========================================================================
Received Import Request.
  Time since last request: 0.005939 seconds.
  path: Assets/PauseCanvas.prefab
  artifactKey: Guid(bccba105c3a00b544a9389ac25a53779) Importer(815301076,1909f56bfc062723c751e8b465ee728b)
Start importing Assets/PauseCanvas.prefab using Guid(bccba105c3a00b544a9389ac25a53779) Importer(815301076,1909f56bfc062723c751e8b465ee728b)  -> (artifact id: '2ac044255a89e6e7919b034bbb9070c5') in 0.005588 seconds
  Import took 0.007376 seconds .

========================================================================
Received Import Request.
  Time since last request: 42.358800 seconds.
  path: Assets/Scenes/Level2.unity
  artifactKey: Guid(c73329b807016224484fe5e996aa4f64) Importer(815301076,1909f56bfc062723c751e8b465ee728b)
Start importing Assets/Scenes/Level2.unity using Guid(c73329b807016224484fe5e996aa4f64) Importer(815301076,1909f56bfc062723c751e8b465ee728b)  -> (artifact id: '6dd34ca5b82702f7cf454010cfd14480') in 0.003488 seconds
  Import took 0.030982 seconds .

========================================================================
Received Prepare
Registering precompiled user dll's ...
Registered in 0.000686 seconds.
Begin MonoManager ReloadAssembly
Native extension for WindowsStandalone target not found
Native extension for WebGL target not found
Refreshing native plugins compatible for Editor in 0.35 ms, found 0 plugins.
Preloading 0 native plugins for Editor in 0.00 ms.
Invoked RoslynAnalysisRunner static constructor.
RoslynAnalysisRunner will not be running.
RoslynAnalysisRunner has terminated.
Mono: successfully reloaded assembly
- Completed reload, in  0.798 seconds
Platform modules already initialized, skipping
Refreshing native plugins compatible for Editor in 0.25 ms, found 0 plugins.
Preloading 0 native plugins for Editor in 0.00 ms.
Unloading 1112 Unused Serialized files (Serialized files now loaded: 0)
System memory in use before: 74.9 MB.
System memory in use after: 74.9 MB.

Unloading 6 unused Assets to reduce memory usage. Loaded Objects now: 1577.
Total: 4.565100 ms (FindLiveObjects: 0.604800 ms CreateObjectMapping: 0.105100 ms MarkObjects: 3.733400 ms  DeleteObjects: 0.119200 ms)

========================================================================
Received Prepare
Registering precompiled user dll's ...
Registered in 0.000950 seconds.
Begin MonoManager ReloadAssembly
Native extension for WindowsStandalone target not found
Native extension for WebGL target not found
Refreshing native plugins compatible for Editor in 0.28 ms, found 0 plugins.
Preloading 0 native plugins for Editor in 0.00 ms.
Invoked RoslynAnalysisRunner static constructor.
RoslynAnalysisRunner will not be running.
RoslynAnalysisRunner has terminated.
Mono: successfully reloaded assembly
- Completed reload, in  0.739 seconds
Platform modules already initialized, skipping
Refreshing native plugins compatible for Editor in 0.29 ms, found 0 plugins.
Preloading 0 native plugins for Editor in 0.00 ms.
Unloading 1112 Unused Serialized files (Serialized files now loaded: 0)
System memory in use before: 74.9 MB.
System memory in use after: 74.9 MB.

Unloading 5 unused Assets to reduce memory usage. Loaded Objects now: 1579.
Total: 3.292100 ms (FindLiveObjects: 0.606500 ms CreateObjectMapping: 0.097000 ms MarkObjects: 2.516400 ms  DeleteObjects: 0.066400 ms)

========================================================================
Received Prepare
Registering precompiled user dll's ...
Registered in 0.000708 seconds.
Begin MonoManager ReloadAssembly
Native extension for WindowsStandalone target not found
Native extension for WebGL target not found
Refreshing native plugins compatible for Editor in 0.21 ms, found 0 plugins.
Preloading 0 native plugins for Editor in 0.00 ms.
Invoked RoslynAnalysisRunner static constructor.
RoslynAnalysisRunner will not be running.
RoslynAnalysisRunner has terminated.
Mono: successfully reloaded assembly
- Completed reload, in  0.720 seconds
Platform modules already initialized, skipping
Refreshing native plugins compatible for Editor in 0.20 ms, found 0 plugins.
Preloading 0 native plugins for Editor in 0.00 ms.
Unloading 1112 Unused Serialized files (Serialized files now loaded: 0)
System memory in use before: 74.9 MB.
System memory in use after: 75.0 MB.

Unloading 5 unused Assets to reduce memory usage. Loaded Objects now: 1581.
Total: 1.868400 ms (FindLiveObjects: 0.302400 ms CreateObjectMapping: 0.030500 ms MarkObjects: 1.472400 ms  DeleteObjects: 0.061000 ms)

========================================================================
Received Prepare
Registering precompiled user dll's ...
Registered in 0.000514 seconds.
Begin MonoManager ReloadAssembly
Native extension for WindowsStandalone target not found
Native extension for WebGL target not found
Refreshing native plugins compatible for Editor in 0.21 ms, found 0 plugins.
Preloading 0 native plugins for Editor in 0.00 ms.
Invoked RoslynAnalysisRunner static constructor.
RoslynAnalysisRunner will not be running.
RoslynAnalysisRunner has terminated.
Mono: successfully reloaded assembly
- Completed reload, in  0.640 seconds
Platform modules already initialized, skipping
Refreshing native plugins compatible for Editor in 0.21 ms, found 0 plugins.
Preloading 0 native plugins for Editor in 0.00 ms.
Unloading 1112 Unused Serialized files (Serialized files now loaded: 0)
System memory in use before: 74.9 MB.
System memory in use after: 75.0 MB.

Unloading 5 unused Assets to reduce memory usage. Loaded Objects now: 1583.
Total: 2.435800 ms (FindLiveObjects: 0.331900 ms CreateObjectMapping: 0.074200 ms MarkObjects: 1.983000 ms  DeleteObjects: 0.044000 ms)

========================================================================
Received Prepare
Registering precompiled user dll's ...
Registered in 0.000910 seconds.
Begin MonoManager ReloadAssembly
Native extension for WindowsStandalone target not found
Native extension for WebGL target not found
Refreshing native plugins compatible for Editor in 0.25 ms, found 0 plugins.
Preloading 0 native plugins for Editor in 0.00 ms.
Invoked RoslynAnalysisRunner static constructor.
RoslynAnalysisRunner will not be running.
RoslynAnalysisRunner has terminated.
Mono: successfully reloaded assembly
- Completed reload, in  0.722 seconds
Platform modules already initialized, skipping
Refreshing native plugins compatible for Editor in 0.21 ms, found 0 plugins.
Preloading 0 native plugins for Editor in 0.00 ms.
Unloading 1112 Unused Serialized files (Serialized files now loaded: 0)
System memory in use before: 74.9 MB.
System memory in use after: 75.0 MB.

Unloading 5 unused Assets to reduce memory usage. Loaded Objects now: 1585.
Total: 1.575000 ms (FindLiveObjects: 0.160800 ms CreateObjectMapping: 0.027500 ms MarkObjects: 1.336300 ms  DeleteObjects: 0.049600 ms)

========================================================================
Received Import Request.
  Time since last request: 1663.251130 seconds.
  path: Assets/3DAssets/SalamanderGuy.prefab
  artifactKey: Guid(b44c5c5af4cebe545ba56807382c6925) Importer(815301076,1909f56bfc062723c751e8b465ee728b)
Start importing Assets/3DAssets/SalamanderGuy.prefab using Guid(b44c5c5af4cebe545ba56807382c6925) Importer(815301076,1909f56bfc062723c751e8b465ee728b)  -> (artifact id: 'ec11230bbebfec60f50d948e4e702581') in 0.062457 seconds
  Import took 0.065228 seconds .

========================================================================
Received Prepare
Registering precompiled user dll's ...
Registered in 0.000843 seconds.
Begin MonoManager ReloadAssembly
Native extension for WindowsStandalone target not found
Native extension for WebGL target not found
Refreshing native plugins compatible for Editor in 0.31 ms, found 0 plugins.
Preloading 0 native plugins for Editor in 0.00 ms.
Invoked RoslynAnalysisRunner static constructor.
RoslynAnalysisRunner will not be running.
RoslynAnalysisRunner has terminated.
Mono: successfully reloaded assembly
- Completed reload, in  0.765 seconds
Platform modules already initialized, skipping
Refreshing native plugins compatible for Editor in 0.87 ms, found 0 plugins.
Preloading 0 native plugins for Editor in 0.00 ms.
Unloading 1112 Unused Serialized files (Serialized files now loaded: 0)
System memory in use before: 74.9 MB.
System memory in use after: 75.0 MB.

Unloading 5 unused Assets to reduce memory usage. Loaded Objects now: 1588.
Total: 1.627400 ms (FindLiveObjects: 0.183500 ms CreateObjectMapping: 0.028000 ms MarkObjects: 1.361400 ms  DeleteObjects: 0.053200 ms)

========================================================================
Received Prepare
Registering precompiled user dll's ...
Registered in 0.000908 seconds.
Begin MonoManager ReloadAssembly
Native extension for WindowsStandalone target not found
Native extension for WebGL target not found
Refreshing native plugins compatible for Editor in 0.20 ms, found 0 plugins.
Preloading 0 native plugins for Editor in 0.00 ms.
Invoked RoslynAnalysisRunner static constructor.
RoslynAnalysisRunner will not be running.
RoslynAnalysisRunner has terminated.
Mono: successfully reloaded assembly
- Completed reload, in  0.691 seconds
Platform modules already initialized, skipping
Refreshing native plugins compatible for Editor in 0.25 ms, found 0 plugins.
Preloading 0 native plugins for Editor in 0.00 ms.
Unloading 1112 Unused Serialized files (Serialized files now loaded: 0)
System memory in use before: 74.9 MB.
System memory in use after: 75.0 MB.

Unloading 5 unused Assets to reduce memory usage. Loaded Objects now: 1590.
Total: 1.818500 ms (FindLiveObjects: 0.283400 ms CreateObjectMapping: 0.029400 ms MarkObjects: 1.456000 ms  DeleteObjects: 0.048300 ms)

========================================================================
Received Prepare
Registering precompiled user dll's ...
Registered in 0.000844 seconds.
Begin MonoManager ReloadAssembly
Native extension for WindowsStandalone target not found
Native extension for WebGL target not found
Refreshing native plugins compatible for Editor in 0.34 ms, found 0 plugins.
Preloading 0 native plugins for Editor in 0.00 ms.
Invoked RoslynAnalysisRunner static constructor.
RoslynAnalysisRunner will not be running.
RoslynAnalysisRunner has terminated.
Mono: successfully reloaded assembly
- Completed reload, in  0.682 seconds
Platform modules already initialized, skipping
Refreshing native plugins compatible for Editor in 0.21 ms, found 0 plugins.
Preloading 0 native plugins for Editor in 0.00 ms.
Unloading 1112 Unused Serialized files (Serialized files now loaded: 0)
System memory in use before: 74.9 MB.
System memory in use after: 75.0 MB.

Unloading 5 unused Assets to reduce memory usage. Loaded Objects now: 1592.
Total: 1.526700 ms (FindLiveObjects: 0.177100 ms CreateObjectMapping: 0.028200 ms MarkObjects: 1.264500 ms  DeleteObjects: 0.055800 ms)

========================================================================
Received Prepare
Registering precompiled user dll's ...
Registered in 0.000658 seconds.
Begin MonoManager ReloadAssembly
Native extension for WindowsStandalone target not found
Native extension for WebGL target not found
Refreshing native plugins compatible for Editor in 0.22 ms, found 0 plugins.
Preloading 0 native plugins for Editor in 0.00 ms.
Invoked RoslynAnalysisRunner static constructor.
RoslynAnalysisRunner will not be running.
RoslynAnalysisRunner has terminated.
Mono: successfully reloaded assembly
- Completed reload, in  0.769 seconds
Platform modules already initialized, skipping
Refreshing native plugins compatible for Editor in 0.25 ms, found 0 plugins.
Preloading 0 native plugins for Editor in 0.00 ms.
Unloading 1112 Unused Serialized files (Serialized files now loaded: 0)
System memory in use before: 74.9 MB.
System memory in use after: 75.0 MB.

Unloading 5 unused Assets to reduce memory usage. Loaded Objects now: 1594.
Total: 3.368800 ms (FindLiveObjects: 0.834500 ms CreateObjectMapping: 0.178200 ms MarkObjects: 2.299500 ms  DeleteObjects: 0.051600 ms)

========================================================================
Received Prepare
Registering precompiled user dll's ...
Registered in 0.000659 seconds.
Begin MonoManager ReloadAssembly
Native extension for WindowsStandalone target not found
Native extension for WebGL target not found
Refreshing native plugins compatible for Editor in 0.21 ms, found 0 plugins.
Preloading 0 native plugins for Editor in 0.00 ms.
Invoked RoslynAnalysisRunner static constructor.
RoslynAnalysisRunner will not be running.
RoslynAnalysisRunner has terminated.
Mono: successfully reloaded assembly
- Completed reload, in  0.764 seconds
Platform modules already initialized, skipping
Refreshing native plugins compatible for Editor in 0.68 ms, found 0 plugins.
Preloading 0 native plugins for Editor in 0.00 ms.
Unloading 1112 Unused Serialized files (Serialized files now loaded: 0)
System memory in use before: 74.9 MB.
System memory in use after: 75.0 MB.

Unloading 5 unused Assets to reduce memory usage. Loaded Objects now: 1596.
Total: 2.016900 ms (FindLiveObjects: 0.367600 ms CreateObjectMapping: 0.039000 ms MarkObjects: 1.561000 ms  DeleteObjects: 0.048300 ms)

========================================================================
Received Prepare
Registering precompiled user dll's ...
Registered in 0.000516 seconds.
Begin MonoManager ReloadAssembly
Native extension for WindowsStandalone target not found
Native extension for WebGL target not found
Refreshing native plugins compatible for Editor in 0.49 ms, found 0 plugins.
Preloading 0 native plugins for Editor in 0.00 ms.
Invoked RoslynAnalysisRunner static constructor.
RoslynAnalysisRunner will not be running.
RoslynAnalysisRunner has terminated.
Mono: successfully reloaded assembly
- Completed reload, in  0.803 seconds
Platform modules already initialized, skipping
Refreshing native plugins compatible for Editor in 0.21 ms, found 0 plugins.
Preloading 0 native plugins for Editor in 0.00 ms.
Unloading 1112 Unused Serialized files (Serialized files now loaded: 0)
System memory in use before: 74.9 MB.
System memory in use after: 75.0 MB.

Unloading 5 unused Assets to reduce memory usage. Loaded Objects now: 1598.
Total: 1.626700 ms (FindLiveObjects: 0.238900 ms CreateObjectMapping: 0.028800 ms MarkObjects: 1.310300 ms  DeleteObjects: 0.047200 ms)

AssetImportWorkerClient::OnTransportError - code=2 error=End of file
