Using pre-set license
Built from '2020.2/release' branch; Version is '2020.2.4f1 (becced5a802b) revision 12504301'; Using compiler version '192528614'; Build Type 'Release'
OS: 'Windows 10 Home; OS build 19043.1706; Version 2009; 64bit' Language: 'en' Physical Memory: 16317 MB
BatchMode: 1, IsHumanControllingUs: 0, StartBugReporterOnCrash: 0, Is64bit: 1, IsPro: 0

 COMMAND LINE ARGUMENTS:
C:\Program Files\Unity\Hub\Editor\2020.2.4f1\Editor\Unity.exe
-adb2
-batchMode
-noUpm
-name
AssetImportWorker0
-projectPath
D:/Unity Projects/TeachingProjects/EricQGeekEDUProject/Eric2DGame
-logFile
Logs/AssetImportWorker0.log
-srvPort
57196
Successfully changed project path to: D:/Unity Projects/TeachingProjects/EricQGeekEDUProject/Eric2DGame
D:/Unity Projects/TeachingProjects/EricQGeekEDUProject/Eric2DGame
Using Asset Import Pipeline V2.
Refreshing native plugins compatible for Editor in 286.89 ms, found 1 plugins.
Preloading 0 native plugins for Editor in 0.00 ms.
Initialize engine version: 2020.2.4f1 (becced5a802b)
[Subsystems] Discovering subsystems at path C:/Program Files/Unity/Hub/Editor/2020.2.4f1/Editor/Data/Resources/UnitySubsystems
[Subsystems] Discovering subsystems at path D:/Unity Projects/TeachingProjects/EricQGeekEDUProject/Eric2DGame/Assets
GfxDevice: creating device client; threaded=0
Direct3D:
    Version:  Direct3D 11.0 [level 11.1]
    Renderer: NVIDIA GeForce RTX 2060 SUPER (ID=0x1f06)
    Vendor:   
    VRAM:     8031 MB
    Driver:   30.0.14.7196
Shader 'Universal Render Pipeline/Particles/Lit': fallback shader 'Universal Render Pipeline/Particles/SimpleLit' not found
Initialize mono
Mono path[0] = 'C:/Program Files/Unity/Hub/Editor/2020.2.4f1/Editor/Data/Managed'
Mono path[1] = 'C:/Program Files/Unity/Hub/Editor/2020.2.4f1/Editor/Data/MonoBleedingEdge/lib/mono/unityjit'
Mono config path = 'C:/Program Files/Unity/Hub/Editor/2020.2.4f1/Editor/Data/MonoBleedingEdge/etc'
Using monoOptions --debugger-agent=transport=dt_socket,embedding=1,server=y,suspend=n,address=127.0.0.1:56368
Begin MonoManager ReloadAssembly
Registering precompiled unity dll's ...
Register platform support module: C:/Program Files/Unity/Hub/Editor/2020.2.4f1/Editor/Data/PlaybackEngines/WebGLSupport/UnityEditor.WebGL.Extensions.dll
Register platform support module: C:/Program Files/Unity/Hub/Editor/2020.2.4f1/Editor/Data/PlaybackEngines/WindowsStandaloneSupport/UnityEditor.WindowsStandalone.Extensions.dll
Registered in 0.003793 seconds.
Native extension for WindowsStandalone target not found
Native extension for WebGL target not found
Refreshing native plugins compatible for Editor in 61.86 ms, found 1 plugins.
Preloading 0 native plugins for Editor in 0.00 ms.
Invoked RoslynAnalysisRunner static constructor.
RoslynAnalysisRunner will not be running.
RoslynAnalysisRunner has terminated.
Mono: successfully reloaded assembly
- Completed reload, in  2.285 seconds
Platform modules already initialized, skipping
Registering precompiled user dll's ...
Registered in 0.001401 seconds.
Begin MonoManager ReloadAssembly
Native extension for WindowsStandalone target not found
Native extension for WebGL target not found
Refreshing native plugins compatible for Editor in 78.59 ms, found 1 plugins.
Preloading 0 native plugins for Editor in 0.00 ms.
Invoked RoslynAnalysisRunner static constructor.
RoslynAnalysisRunner will not be running.
RoslynAnalysisRunner has terminated.
Mono: successfully reloaded assembly
- Completed reload, in  1.178 seconds
Platform modules already initialized, skipping
========================================================================
Worker process is ready to serve import requests
Shader 'Universal Render Pipeline/Particles/Lit': fallback shader 'Universal Render Pipeline/Particles/SimpleLit' not found
Launched and connected shader compiler UnityShaderCompiler.exe after 0.09 seconds
Refreshing native plugins compatible for Editor in 0.78 ms, found 1 plugins.
Preloading 0 native plugins for Editor in 0.00 ms.
Unloading 2944 Unused Serialized files (Serialized files now loaded: 0)
System memory in use before: 128.2 MB.
System memory in use after: 128.3 MB.

Unloading 25 unused Assets to reduce memory usage. Loaded Objects now: 3384.
Total: 6.004300 ms (FindLiveObjects: 1.783200 ms CreateObjectMapping: 0.336200 ms MarkObjects: 3.632700 ms  DeleteObjects: 0.247600 ms)

========================================================================
Received Import Request.
  path: Assets/Scripts/PlayerHud.cs
  artifactKey: Guid(6228bb64c6ba4ad4e84084c2e3f8cf46) Importer(815301076,1909f56bfc062723c751e8b465ee728b)
Start importing Assets/Scripts/PlayerHud.cs using Guid(6228bb64c6ba4ad4e84084c2e3f8cf46) Importer(815301076,1909f56bfc062723c751e8b465ee728b)  -> (artifact id: 'b354e562d67c4bce6d3b709015d6dccd') in 0.034482 seconds
  Import took 0.068200 seconds .

========================================================================
Received Prepare
Registering precompiled user dll's ...
Registered in 0.002214 seconds.
Begin MonoManager ReloadAssembly
Native extension for WindowsStandalone target not found
Native extension for WebGL target not found
Refreshing native plugins compatible for Editor in 0.79 ms, found 1 plugins.
Preloading 0 native plugins for Editor in 0.00 ms.
Invoked RoslynAnalysisRunner static constructor.
RoslynAnalysisRunner will not be running.
RoslynAnalysisRunner has terminated.
Mono: successfully reloaded assembly
- Completed reload, in  1.150 seconds
Platform modules already initialized, skipping
Shader 'Universal Render Pipeline/Particles/Lit': fallback shader 'Universal Render Pipeline/Particles/SimpleLit' not found
Refreshing native plugins compatible for Editor in 1.08 ms, found 1 plugins.
Preloading 0 native plugins for Editor in 0.00 ms.
Unloading 2835 Unused Serialized files (Serialized files now loaded: 0)
System memory in use before: 122.4 MB.
System memory in use after: 122.5 MB.

Unloading 13 unused Assets to reduce memory usage. Loaded Objects now: 3387.
Total: 4.813600 ms (FindLiveObjects: 1.208600 ms CreateObjectMapping: 0.182000 ms MarkObjects: 3.293900 ms  DeleteObjects: 0.127600 ms)

========================================================================
Received Prepare
Registering precompiled user dll's ...
Registered in 0.001508 seconds.
Begin MonoManager ReloadAssembly
Native extension for WindowsStandalone target not found
Native extension for WebGL target not found
Refreshing native plugins compatible for Editor in 0.72 ms, found 1 plugins.
Preloading 0 native plugins for Editor in 0.00 ms.
Invoked RoslynAnalysisRunner static constructor.
RoslynAnalysisRunner will not be running.
RoslynAnalysisRunner has terminated.
Mono: successfully reloaded assembly
- Completed reload, in  0.859 seconds
Platform modules already initialized, skipping
Shader 'Universal Render Pipeline/Particles/Lit': fallback shader 'Universal Render Pipeline/Particles/SimpleLit' not found
Refreshing native plugins compatible for Editor in 0.60 ms, found 1 plugins.
Preloading 0 native plugins for Editor in 0.00 ms.
Unloading 2835 Unused Serialized files (Serialized files now loaded: 0)
System memory in use before: 122.4 MB.
System memory in use after: 122.5 MB.

Unloading 13 unused Assets to reduce memory usage. Loaded Objects now: 3390.
Total: 4.837700 ms (FindLiveObjects: 1.068700 ms CreateObjectMapping: 0.123100 ms MarkObjects: 3.389100 ms  DeleteObjects: 0.251800 ms)

========================================================================
Received Import Request.
  Time since last request: 536.094637 seconds.
  path: Assets/Scripts/PlayerHud.cs
  artifactKey: Guid(6228bb64c6ba4ad4e84084c2e3f8cf46) Importer(815301076,1909f56bfc062723c751e8b465ee728b)
Start importing Assets/Scripts/PlayerHud.cs using Guid(6228bb64c6ba4ad4e84084c2e3f8cf46) Importer(815301076,1909f56bfc062723c751e8b465ee728b)  -> (artifact id: '3db61a4e6cb6d580c371841077f3e4fe') in 0.006398 seconds
  Import took 0.022132 seconds .

========================================================================
Received Prepare
Registering precompiled user dll's ...
Registered in 0.004039 seconds.
Begin MonoManager ReloadAssembly
Native extension for WindowsStandalone target not found
Native extension for WebGL target not found
Refreshing native plugins compatible for Editor in 1.18 ms, found 1 plugins.
Preloading 0 native plugins for Editor in 0.00 ms.
Invoked RoslynAnalysisRunner static constructor.
RoslynAnalysisRunner will not be running.
RoslynAnalysisRunner has terminated.
Mono: successfully reloaded assembly
- Completed reload, in  0.869 seconds
Platform modules already initialized, skipping
Shader 'Universal Render Pipeline/Particles/Lit': fallback shader 'Universal Render Pipeline/Particles/SimpleLit' not found
Refreshing native plugins compatible for Editor in 0.81 ms, found 1 plugins.
Preloading 0 native plugins for Editor in 0.00 ms.
Unloading 2835 Unused Serialized files (Serialized files now loaded: 0)
System memory in use before: 122.5 MB.
System memory in use after: 122.6 MB.

Unloading 13 unused Assets to reduce memory usage. Loaded Objects now: 3393.
Total: 2.908000 ms (FindLiveObjects: 0.334900 ms CreateObjectMapping: 0.074500 ms MarkObjects: 2.306300 ms  DeleteObjects: 0.191100 ms)

========================================================================
Received Import Request.
  Time since last request: 199.487358 seconds.
  path: Assets/Bullet.prefab
  artifactKey: Guid(2248e2d224c652b4db0d83b024431a4f) Importer(815301076,1909f56bfc062723c751e8b465ee728b)
Start importing Assets/Bullet.prefab using Guid(2248e2d224c652b4db0d83b024431a4f) Importer(815301076,1909f56bfc062723c751e8b465ee728b)  -> (artifact id: '92bf4e0dc515226cfda69c8477490574') in 0.214875 seconds
  Import took 0.248927 seconds .

========================================================================
Received Prepare
Registering precompiled user dll's ...
Registered in 0.001291 seconds.
Begin MonoManager ReloadAssembly
Native extension for WindowsStandalone target not found
Native extension for WebGL target not found
Refreshing native plugins compatible for Editor in 0.54 ms, found 1 plugins.
Preloading 0 native plugins for Editor in 0.00 ms.
Invoked RoslynAnalysisRunner static constructor.
RoslynAnalysisRunner will not be running.
RoslynAnalysisRunner has terminated.
Mono: successfully reloaded assembly
- Completed reload, in  0.921 seconds
Platform modules already initialized, skipping
Shader 'Universal Render Pipeline/Particles/Lit': fallback shader 'Universal Render Pipeline/Particles/SimpleLit' not found
Refreshing native plugins compatible for Editor in 0.69 ms, found 1 plugins.
Preloading 0 native plugins for Editor in 0.00 ms.
Unloading 2835 Unused Serialized files (Serialized files now loaded: 0)
System memory in use before: 127.4 MB.
System memory in use after: 127.5 MB.

Unloading 13 unused Assets to reduce memory usage. Loaded Objects now: 3441.
Total: 2.771400 ms (FindLiveObjects: 0.481500 ms CreateObjectMapping: 0.082000 ms MarkObjects: 2.102500 ms  DeleteObjects: 0.103800 ms)

========================================================================
Received Prepare
Registering precompiled user dll's ...
Registered in 0.001557 seconds.
Begin MonoManager ReloadAssembly
Native extension for WindowsStandalone target not found
Native extension for WebGL target not found
Refreshing native plugins compatible for Editor in 0.54 ms, found 1 plugins.
Preloading 0 native plugins for Editor in 0.00 ms.
Invoked RoslynAnalysisRunner static constructor.
RoslynAnalysisRunner will not be running.
RoslynAnalysisRunner has terminated.
Mono: successfully reloaded assembly
- Completed reload, in  0.893 seconds
Platform modules already initialized, skipping
Shader 'Universal Render Pipeline/Particles/Lit': fallback shader 'Universal Render Pipeline/Particles/SimpleLit' not found
Refreshing native plugins compatible for Editor in 0.67 ms, found 1 plugins.
Preloading 0 native plugins for Editor in 0.00 ms.
Unloading 2835 Unused Serialized files (Serialized files now loaded: 0)
System memory in use before: 127.6 MB.
System memory in use after: 127.8 MB.

Unloading 13 unused Assets to reduce memory usage. Loaded Objects now: 3444.
Total: 3.476900 ms (FindLiveObjects: 0.733200 ms CreateObjectMapping: 0.087800 ms MarkObjects: 2.534500 ms  DeleteObjects: 0.119500 ms)

========================================================================
Received Import Request.
  Time since last request: 111.643928 seconds.
  path: Assets/KeyCard.prefab
  artifactKey: Guid(0cdbcba0c43a79f45a4c45212ec9e358) Importer(815301076,1909f56bfc062723c751e8b465ee728b)
Start importing Assets/KeyCard.prefab using Guid(0cdbcba0c43a79f45a4c45212ec9e358) Importer(815301076,1909f56bfc062723c751e8b465ee728b)  -> (artifact id: '435fdaf3323f34b9422c2f849122da0f') in 0.159719 seconds
  Import took 0.175809 seconds .

========================================================================
Received Import Request.
  Time since last request: 309.107113 seconds.
  path: Assets/The mystery man man.png
  artifactKey: Guid(b78253e70d5b40744a8501a3b89e12ed) Importer(815301076,1909f56bfc062723c751e8b465ee728b)
Start importing Assets/The mystery man man.png using Guid(b78253e70d5b40744a8501a3b89e12ed) Importer(815301076,1909f56bfc062723c751e8b465ee728b)  -> (artifact id: '5017636bb629cef4c7341439488ffa6e') in 0.049791 seconds
  Import took 0.078123 seconds .

========================================================================
Received Import Request.
  Time since last request: 52.884311 seconds.
  path: Assets/The mystery man man.png
  artifactKey: Guid(b78253e70d5b40744a8501a3b89e12ed) Importer(815301076,1909f56bfc062723c751e8b465ee728b)
Start importing Assets/The mystery man man.png using Guid(b78253e70d5b40744a8501a3b89e12ed) Importer(815301076,1909f56bfc062723c751e8b465ee728b)  -> (artifact id: '0aa7984f4fde7c7beea877bb1ddbdebd') in 0.020970 seconds
  Import took 0.047424 seconds .

========================================================================
Received Import Request.
  Time since last request: 25.008473 seconds.
  path: Assets/The mystery man man.png
  artifactKey: Guid(b78253e70d5b40744a8501a3b89e12ed) Importer(815301076,1909f56bfc062723c751e8b465ee728b)
Start importing Assets/The mystery man man.png using Guid(b78253e70d5b40744a8501a3b89e12ed) Importer(815301076,1909f56bfc062723c751e8b465ee728b)  -> (artifact id: '90b477bca5ecbcfc91ea23b8786ca021') in 0.034138 seconds
  Import took 0.051572 seconds .

========================================================================
Received Prepare
Registering precompiled user dll's ...
Registered in 0.001739 seconds.
Begin MonoManager ReloadAssembly
Native extension for WindowsStandalone target not found
Native extension for WebGL target not found
Refreshing native plugins compatible for Editor in 1.12 ms, found 1 plugins.
Preloading 0 native plugins for Editor in 0.00 ms.
Invoked RoslynAnalysisRunner static constructor.
RoslynAnalysisRunner will not be running.
RoslynAnalysisRunner has terminated.
Mono: successfully reloaded assembly
- Completed reload, in  0.999 seconds
Platform modules already initialized, skipping
Shader 'Universal Render Pipeline/Particles/Lit': fallback shader 'Universal Render Pipeline/Particles/SimpleLit' not found
Refreshing native plugins compatible for Editor in 0.65 ms, found 1 plugins.
Preloading 0 native plugins for Editor in 0.00 ms.
Unloading 2835 Unused Serialized files (Serialized files now loaded: 0)
System memory in use before: 127.8 MB.
System memory in use after: 127.9 MB.

Unloading 13 unused Assets to reduce memory usage. Loaded Objects now: 3488.
Total: 2.974900 ms (FindLiveObjects: 0.415700 ms CreateObjectMapping: 0.112900 ms MarkObjects: 2.338200 ms  DeleteObjects: 0.106500 ms)

========================================================================
Received Import Request.
  Time since last request: 936.590220 seconds.
  path: Assets/Ammo.png
  artifactKey: Guid(b2043fd237c488e4d91ff62c8921869c) Importer(815301076,1909f56bfc062723c751e8b465ee728b)
Start importing Assets/Ammo.png using Guid(b2043fd237c488e4d91ff62c8921869c) Importer(815301076,1909f56bfc062723c751e8b465ee728b)  -> (artifact id: '4bedd04c49b04464faa6810db831b7de') in 0.076138 seconds
  Import took 0.106901 seconds .

========================================================================
Received Import Request.
  Time since last request: 14.341265 seconds.
  path: Assets/Ammo.png
  artifactKey: Guid(b2043fd237c488e4d91ff62c8921869c) Importer(815301076,1909f56bfc062723c751e8b465ee728b)
Start importing Assets/Ammo.png using Guid(b2043fd237c488e4d91ff62c8921869c) Importer(815301076,1909f56bfc062723c751e8b465ee728b)  -> (artifact id: 'bbdc0fef6deff91c64a4e49c6f6da327') in 0.012294 seconds
  Import took 0.020990 seconds .

========================================================================
Received Import Request.
  Time since last request: 210.725305 seconds.
  path: Assets/Scripts/MysteryMan.cs
  artifactKey: Guid(d3bb57b6a12a49044a0b80a65723b50d) Importer(815301076,1909f56bfc062723c751e8b465ee728b)
Start importing Assets/Scripts/MysteryMan.cs using Guid(d3bb57b6a12a49044a0b80a65723b50d) Importer(815301076,1909f56bfc062723c751e8b465ee728b)  -> (artifact id: '44b6a73ae29090a40f9fb57ae846a24f') in 0.006997 seconds
  Import took 0.014687 seconds .

========================================================================
Received Prepare
Registering precompiled user dll's ...
Registered in 0.001395 seconds.
Begin MonoManager ReloadAssembly
Native extension for WindowsStandalone target not found
Native extension for WebGL target not found
Refreshing native plugins compatible for Editor in 0.71 ms, found 1 plugins.
Preloading 0 native plugins for Editor in 0.00 ms.
Invoked RoslynAnalysisRunner static constructor.
RoslynAnalysisRunner will not be running.
RoslynAnalysisRunner has terminated.
Mono: successfully reloaded assembly
- Completed reload, in  0.987 seconds
Platform modules already initialized, skipping
Shader 'Universal Render Pipeline/Particles/Lit': fallback shader 'Universal Render Pipeline/Particles/SimpleLit' not found
Refreshing native plugins compatible for Editor in 0.67 ms, found 1 plugins.
Preloading 0 native plugins for Editor in 0.00 ms.
Unloading 2836 Unused Serialized files (Serialized files now loaded: 0)
System memory in use before: 127.8 MB.
System memory in use after: 127.9 MB.

Unloading 13 unused Assets to reduce memory usage. Loaded Objects now: 3495.
Total: 3.016300 ms (FindLiveObjects: 0.630300 ms CreateObjectMapping: 0.082200 ms MarkObjects: 2.187700 ms  DeleteObjects: 0.114700 ms)

========================================================================
Received Prepare
Registering precompiled user dll's ...
Registered in 0.001503 seconds.
Begin MonoManager ReloadAssembly
Native extension for WindowsStandalone target not found
Native extension for WebGL target not found
Refreshing native plugins compatible for Editor in 0.56 ms, found 1 plugins.
Preloading 0 native plugins for Editor in 0.00 ms.
Invoked RoslynAnalysisRunner static constructor.
RoslynAnalysisRunner will not be running.
RoslynAnalysisRunner has terminated.
Mono: successfully reloaded assembly
- Completed reload, in  0.911 seconds
Platform modules already initialized, skipping
Shader 'Universal Render Pipeline/Particles/Lit': fallback shader 'Universal Render Pipeline/Particles/SimpleLit' not found
Refreshing native plugins compatible for Editor in 0.52 ms, found 1 plugins.
Preloading 0 native plugins for Editor in 0.00 ms.
Unloading 2836 Unused Serialized files (Serialized files now loaded: 0)
System memory in use before: 127.8 MB.
System memory in use after: 127.9 MB.

Unloading 13 unused Assets to reduce memory usage. Loaded Objects now: 3498.
Total: 3.111500 ms (FindLiveObjects: 0.469500 ms CreateObjectMapping: 0.076700 ms MarkObjects: 2.444200 ms  DeleteObjects: 0.118600 ms)

========================================================================
Received Prepare
Registering precompiled user dll's ...
Registered in 0.001369 seconds.
Begin MonoManager ReloadAssembly
Native extension for WindowsStandalone target not found
Native extension for WebGL target not found
Refreshing native plugins compatible for Editor in 0.78 ms, found 1 plugins.
Preloading 0 native plugins for Editor in 0.00 ms.
Invoked RoslynAnalysisRunner static constructor.
RoslynAnalysisRunner will not be running.
RoslynAnalysisRunner has terminated.
Mono: successfully reloaded assembly
- Completed reload, in  0.917 seconds
Platform modules already initialized, skipping
Shader 'Universal Render Pipeline/Particles/Lit': fallback shader 'Universal Render Pipeline/Particles/SimpleLit' not found
Refreshing native plugins compatible for Editor in 0.55 ms, found 1 plugins.
Preloading 0 native plugins for Editor in 0.00 ms.
Unloading 2836 Unused Serialized files (Serialized files now loaded: 0)
System memory in use before: 127.8 MB.
System memory in use after: 127.9 MB.

Unloading 13 unused Assets to reduce memory usage. Loaded Objects now: 3501.
Total: 4.187100 ms (FindLiveObjects: 0.532100 ms CreateObjectMapping: 0.089400 ms MarkObjects: 3.418100 ms  DeleteObjects: 0.146000 ms)

========================================================================
Received Prepare
Registering precompiled user dll's ...
Registered in 0.002124 seconds.
Begin MonoManager ReloadAssembly
Native extension for WindowsStandalone target not found
Native extension for WebGL target not found
Refreshing native plugins compatible for Editor in 0.53 ms, found 1 plugins.
Preloading 0 native plugins for Editor in 0.00 ms.
Invoked RoslynAnalysisRunner static constructor.
RoslynAnalysisRunner will not be running.
RoslynAnalysisRunner has terminated.
Mono: successfully reloaded assembly
- Completed reload, in  0.846 seconds
Platform modules already initialized, skipping
Shader 'Universal Render Pipeline/Particles/Lit': fallback shader 'Universal Render Pipeline/Particles/SimpleLit' not found
Refreshing native plugins compatible for Editor in 0.66 ms, found 1 plugins.
Preloading 0 native plugins for Editor in 0.00 ms.
Unloading 2836 Unused Serialized files (Serialized files now loaded: 0)
System memory in use before: 127.8 MB.
System memory in use after: 128.0 MB.

Unloading 13 unused Assets to reduce memory usage. Loaded Objects now: 3504.
Total: 3.338800 ms (FindLiveObjects: 0.431400 ms CreateObjectMapping: 0.079200 ms MarkObjects: 2.674600 ms  DeleteObjects: 0.152300 ms)

